 THIS SOFTWARE AND ANY ACCOMPANYING DOCUMENTATION
 IS RELEASED "AS IS".  THE U.S. GOVERNMENT MAKES NO
 WARRANTY OF ANY KIND, EXPRESS OR IMPLIED, CONCERNING
 THIS SOFTWARE AND ANY ACCOMPANYING DOCUMENTATION,
 INCLUDING, WITHOUT LIMITATION, ANY WARRANTIES OF
 MERCHANTABILITY OR FITNESS FOR A PARTICULAR PURPOSE.
 IN NO EVENT WILL THE U.S. GOVERNMENT BE LIABLE FOR ANY
 DAMAGES, INCLUDING LOST PROFITS, LOST SAVINGS OR OTHER
 INCIDENTAL OR CONSEQUENTIAL DAMAGES ARISING OUT OF THE 
 USE, OR INABILITY TO USE, THIS SOFTWARE OR ANY
 ACCOMPANYING DOCUMENTATION, EVEN IF INFORMED IN ADVANCE
 OF THE POSSIBILITY OF SUCH DAMAGES.
  ****************************************************
  *    USAF STABILITY AND CONTROL  DIGITAL DATCOM    *
  *    PROGRAM REV. JAN 96   DIRECT INQUIRIES TO:    *
  *    WRIGHT LABORATORY  (WL/FIGC)  ATTN: W. BLAKE  *
  *      WRIGHT PATTERSON AFB, OHIO  45433           *
  *    PHONE (513) 255-6764,   FAX (513) 258-4054    *
  ****************************************************
 Preparing to start the big loop
 At 1000
1                         CONERR - INPUT ERROR CHECKING
0 ERROR CODES - N* DENOTES THE NUMBER OF OCCURENCES OF EACH ERROR
0 A - UNKNOWN VARIABLE NAME
0 B - MISSING EQUAL SIGN FOLLOWING VARIABLE NAME
0 C - NON-ARRAY VARIABLE HAS AN ARRAY ELEMENT DESIGNATION - (N)
0 D - NON-ARRAY VARIABLE HAS MULTIPLE VALUES ASSIGNED
0 E - ASSIGNED VALUES EXCEED ARRAY DIMENSION
0 F - SYNTAX ERROR

0******************************  INPUT DATA CARDS  ******************************

 CASEID Citation II Model 550                                                    
 DERIV RAD                                                                       
 DAMP                                                                            
  $FLTCON WT=7000.0, NMACH=1.0,MACH(1)=0.5,                                      
  NALT=1.0,ALT(1)=10000.0,                                                       
  NALPHA=12.0, ALSCHD(1)= -4.0, -2.0, 0.0,                                       
  2.0, 4.0, 6.0, 8.0, 10.0, 12.0, 14.0, 16.0, 18.0$                              
  $OPTINS SREF=320.8, CBARR=6.75, BLREF=51.7, ROUGFC=0.25E-3$                    
  $SYNTHS XCG=20.79, ZCG=3.125,ALIW=2.5, ALIH=0.0,                               
  XW=19.1, ZW=3.125, XH=39.2, ZH=7.75,                                           
  XV=36.0, ZV=6.0, XVF=23.0, ZVF=6.7$                                            
  $BODY NX=8.0, ITYPE=1.0, METHOD=1.0,                                           
  X(1)=0.0,1.0,2.7,6.0,8.8,28.5,39.4,44.8,                                       
  R(1)=0.0,1.25,2.1,2.7,2.76,2.7,1.25,0.0,                                       
  ZU(1)=3.5,4.3,4.8,5.5,7.4,7.4,6.5,5.7,                                         
  ZL(1)=3.5,2.5,2.25,2.1,2.0,2.2,4.3,5.7$                                        
 NACA-W-5-23014                                                                  
  $WGPLNF CHRDR=9.4, CHRDTP=3.01, TYPE=1.0,                                      
  SSPN=25.85, SSPNE=23.46, SAVSI=1.3, CHSTAT=0.25,                               
  TWISTA=-3.0, DHDADI=3.6$                                                       
 NACA-H-4-0010                                                                   
  $HTPLNF CHRDR=4.99, CHRDTP=2.48,                                               
  SSPN=9.42, SSPNE=9.21, SAVSI=5.32,                                             
  CHSTAT=0.25, TWISTA=0.0, DHDADI=9.2, TYPE=1.0$                                 
 NACA-V-4-0008                                                                   
  $VTPLNF CHRDTP=3.63, SSPNE=8.85,                                               
  SSPN=9.42, CHRDR=8.3, SAVSI=32.3, CHSTAT=0.25, TYPE=1.0$                       
 NACA-F-4-0004                                                                   
  $VFPLNF CHRDR=19.3, CHRDTP=0.0, CHSTAT=0.0,                                    
  DHDADO=0.0, SAVSI=80.0, SSPN=3.3, SSPNE=3.1, TYPE=1.0$                         
  $SYMFLP FTYPE=1.0, NTYPE=1.0, NDELTA=7.0,                                      
  DELTA(1)=-15.0,-10.0,-5.0,0.0,5.0,10.0,15.0,                                   
  CHRDFI=1.94, CHRDFO=1.03, SPANFI=0.7, SPANFO=9.21$                             
 NEXT CASE                                                                       
1          THE FOLLOWING IS A LIST OF ALL INPUT CARDS FOR THIS CASE.
0
 CASEID Citation II Model 550                                                    
 DERIV RAD                                                                       
 DAMP                                                                            
  $FLTCON WT=7000.0, NMACH=1.0,MACH(1)=0.5,                                      
  NALT=1.0,ALT(1)=10000.0,                                                       
  NALPHA=12.0, ALSCHD(1)= -4.0, -2.0, 0.0,                                       
  2.0, 4.0, 6.0, 8.0, 10.0, 12.0, 14.0, 16.0, 18.0$                              
  $OPTINS SREF=320.8, CBARR=6.75, BLREF=51.7, ROUGFC=0.25E-3$                    
  $SYNTHS XCG=20.79, ZCG=3.125,ALIW=2.5, ALIH=0.0,                               
  XW=19.1, ZW=3.125, XH=39.2, ZH=7.75,                                           
  XV=36.0, ZV=6.0, XVF=23.0, ZVF=6.7$                                            
  $BODY NX=8.0, ITYPE=1.0, METHOD=1.0,                                           
  X(1)=0.0,1.0,2.7,6.0,8.8,28.5,39.4,44.8,                                       
  R(1)=0.0,1.25,2.1,2.7,2.76,2.7,1.25,0.0,                                       
  ZU(1)=3.5,4.3,4.8,5.5,7.4,7.4,6.5,5.7,                                         
  ZL(1)=3.5,2.5,2.25,2.1,2.0,2.2,4.3,5.7$                                        
 NACA-W-5-23014                                                                  
  $WGPLNF CHRDR=9.4, CHRDTP=3.01, TYPE=1.0,                                      
  SSPN=25.85, SSPNE=23.46, SAVSI=1.3, CHSTAT=0.25,                               
  TWISTA=-3.0, DHDADI=3.6$                                                       
 NACA-H-4-0010                                                                   
  $HTPLNF CHRDR=4.99, CHRDTP=2.48,                                               
  SSPN=9.42, SSPNE=9.21, SAVSI=5.32,                                             
  CHSTAT=0.25, TWISTA=0.0, DHDADI=9.2, TYPE=1.0$                                 
 NACA-V-4-0008                                                                   
  $VTPLNF CHRDTP=3.63, SSPNE=8.85,                                               
  SSPN=9.42, CHRDR=8.3, SAVSI=32.3, CHSTAT=0.25, TYPE=1.0$                       
 NACA-F-4-0004                                                                   
  $VFPLNF CHRDR=19.3, CHRDTP=0.0, CHSTAT=0.0,                                    
  DHDADO=0.0, SAVSI=80.0, SSPN=3.3, SSPNE=3.1, TYPE=1.0$                         
  $SYMFLP FTYPE=1.0, NTYPE=1.0, NDELTA=7.0,                                      
  DELTA(1)=-15.0,-10.0,-5.0,0.0,5.0,10.0,15.0,                                   
  CHRDFI=1.94, CHRDFO=1.03, SPANFI=0.7, SPANFO=9.21$                             
 NEXT CASE                                                                       
0 INPUT DIMENSIONS ARE IN FT, SCALE FACTOR IS 1.0000

 Return to main program from M01O01
1                             AUTOMATED STABILITY AND CONTROL METHODS PER APRIL 1976 VERSION OF DATCOM   
                                                        WING SECTION DEFINITION
0                                 IDEAL ANGLE OF ATTACK =   1.78973 DEG.

                              ZERO LIFT ANGLE OF ATTACK =  -1.07986 DEG.

                                 IDEAL LIFT COEFFICIENT =   0.32672

                  ZERO LIFT PITCHING MOMENT COEFFICIENT =  -0.01182

                             MACH ZERO LIFT-CURVE-SLOPE =   0.09490 /DEG.

                                    LEADING EDGE RADIUS =   0.02160 FRACTION CHORD

                              MAXIMUM AIRFOIL THICKNESS =   0.14000 FRACTION CHORD

                                                DELTA-Y =   3.69714 PERCENT CHORD


0                         MACH= 0.5000 LIFT-CURVE-SLOPE =   0.10642 /DEG.      XAC =   0.26140
1                             AUTOMATED STABILITY AND CONTROL METHODS PER APRIL 1976 VERSION OF DATCOM   
                                                   HORIZONTAL TAIL SECTION DEFINITION
0                                 IDEAL ANGLE OF ATTACK =   0.00000 DEG.

                              ZERO LIFT ANGLE OF ATTACK =   0.00000 DEG.

                                 IDEAL LIFT COEFFICIENT =   0.00000

                  ZERO LIFT PITCHING MOMENT COEFFICIENT =   0.00000

                             MACH ZERO LIFT-CURVE-SLOPE =   0.09755 /DEG.

                                    LEADING EDGE RADIUS =   0.01102 FRACTION CHORD

                              MAXIMUM AIRFOIL THICKNESS =   0.10000 FRACTION CHORD

                                                DELTA-Y =   2.64081 PERCENT CHORD


0                         MACH= 0.5000 LIFT-CURVE-SLOPE =   0.11073 /DEG.      XAC =   0.25912
1                             AUTOMATED STABILITY AND CONTROL METHODS PER APRIL 1976 VERSION OF DATCOM   
                                                    VERTICAL TAIL SECTION DEFINITION
0                                 IDEAL ANGLE OF ATTACK =   0.00000 DEG.

                              ZERO LIFT ANGLE OF ATTACK =   0.00000 DEG.

                                 IDEAL LIFT COEFFICIENT =   0.00000

                  ZERO LIFT PITCHING MOMENT COEFFICIENT =   0.00000

                             MACH ZERO LIFT-CURVE-SLOPE =   0.09902 /DEG.

                                    LEADING EDGE RADIUS =   0.00705 FRACTION CHORD

                              MAXIMUM AIRFOIL THICKNESS =   0.08000 FRACTION CHORD

                                                DELTA-Y =   2.11265 PERCENT CHORD


0                         MACH= 0.5000 LIFT-CURVE-SLOPE =   0.11275 /DEG.      XAC =   0.25753
1                             AUTOMATED STABILITY AND CONTROL METHODS PER APRIL 1976 VERSION OF DATCOM   
                                                     VENTRAL FIN SECTION DEFINITION
0                                 IDEAL ANGLE OF ATTACK =   0.00000 DEG.

                              ZERO LIFT ANGLE OF ATTACK =   0.00000 DEG.

                                 IDEAL LIFT COEFFICIENT =   0.00000

                  ZERO LIFT PITCHING MOMENT COEFFICIENT =   0.00000

                             MACH ZERO LIFT-CURVE-SLOPE =   0.10125 /DEG.

                                    LEADING EDGE RADIUS =   0.00176 FRACTION CHORD

                              MAXIMUM AIRFOIL THICKNESS =   0.04000 FRACTION CHORD

                                                DELTA-Y =   1.05633 PERCENT CHORD


0                         MACH= 0.5000 LIFT-CURVE-SLOPE =   0.11601 /DEG.      XAC =   0.25503
 Return to main program from M50O62
 Return to main program from M02O02
 Return to main program from M51O63
1                               AUTOMATED STABILITY AND CONTROL METHODS PER APRIL 1976 VERSION OF DATCOM
                                         CHARACTERISTICS AT ANGLE OF ATTACK AND IN SIDESLIP
                                  WING-BODY-HORIZONTAL TAIL-VERTICAL TAIL-VENTRAL FIN CONFIGURATION
                                                       Citation II Model 550
 
 -----------------------  FLIGHT CONDITIONS  ------------------------           --------------  REFERENCE DIMENSIONS  ------------
  MACH    ALTITUDE   VELOCITY    PRESSURE    TEMPERATURE     REYNOLDS             REF.      REFERENCE LENGTH   MOMENT REF. CENTER
 NUMBER                                                       NUMBER              AREA       LONG.     LAT.     HORIZ      VERT
             FT       FT/SEC     LB/FT**2       DEG R         1/FT               FT**2        FT        FT        FT        FT
0 0.500   10000.00     538.64   1.4556E+03     483.025     2.6636E+06           320.800      6.750    51.700    20.790     3.125
0                                                               -------------------DERIVATIVE (PER RADIAN)-------------------
0 ALPHA     CD       CL       CM       CN       CA       XCP        CLA          CMA          CYB          CNB          CLB
0
   -4.0    0.018   -0.231    0.1849  -0.231    0.002   -0.799    5.614E+00   -1.948E+00   -7.552E-01    7.002E-02   -1.448E-01
   -2.0    0.016   -0.034    0.1162  -0.034    0.015   -3.400    5.645E+00   -1.938E+00                             -1.386E-01
    0.0    0.017    0.163    0.0496   0.163    0.017    0.304    5.657E+00   -1.897E+00                             -1.323E-01
    2.0    0.022    0.361   -0.0162   0.362    0.009   -0.045    5.681E+00   -1.876E+00                             -1.260E-01
    4.0    0.030    0.560   -0.0813   0.561   -0.009   -0.145    5.731E+00   -1.864E+00                             -1.196E-01
    6.0    0.043    0.761   -0.1464   0.762   -0.037   -0.192    5.394E+00   -1.872E+00                             -1.132E-01
    8.0    0.057    0.936   -0.2120   0.935   -0.074   -0.227    4.614E+00   -1.874E+00                             -1.071E-01
   10.0    0.073    1.084   -0.2772   1.080   -0.116   -0.257    3.868E+00   -1.945E+00                             -1.013E-01
   12.0    0.091    1.206   -0.3478   1.199   -0.162   -0.290    2.372E+00   -2.096E+00                             -9.561E-02
   14.0    0.104    1.249     NA      1.237   -0.201    NA       5.336E-01      NA                                  -9.085E-02
   16.0    0.117    1.244     NA      1.228   -0.231    NA       1.585E-01      NA                                  -8.652E-02
   18.0    0.135    1.260     NA      1.240   -0.261    NA       7.821E-01      NA                                  -8.138E-02
0                                    ALPHA     Q/QINF    EPSLON  D(EPSLON)/D(ALPHA)
0
                                     -4.0      1.000     -0.742        0.447
                                     -2.0      1.000      0.151        0.452
                                      0.0      1.000      1.067        0.465
                                      2.0      1.000      2.010        0.477
                                      4.0      1.000      2.977        0.485
                                      6.0      1.000      3.951        0.467
                                      8.0      1.000      4.846        0.426
                                     10.0      1.000      5.653        0.348
                                     12.0      1.000      6.236        0.205
                                     14.0      1.000      6.475        0.083
                                     16.0      1.000      6.570        0.055
                                     18.0      1.000      6.697        0.063
0*** NA PRINTED WHEN METHOD NOT APPLICABLE
1                               AUTOMATED STABILITY AND CONTROL METHODS PER APRIL 1976 VERSION OF DATCOM
                                                         DYNAMIC DERIVATIVES
                                  WING-BODY-HORIZONTAL TAIL-VERTICAL TAIL-VENTRAL FIN CONFIGURATION
                                                       Citation II Model 550
 
 -----------------------  FLIGHT CONDITIONS  ------------------------           --------------  REFERENCE DIMENSIONS  ------------
  MACH    ALTITUDE   VELOCITY    PRESSURE    TEMPERATURE     REYNOLDS             REF.      REFERENCE LENGTH   MOMENT REF. CENTER
 NUMBER                                                       NUMBER              AREA       LONG.     LAT.     HORIZ      VERT
             FT       FT/SEC     LB/FT**2       DEG R         1/FT               FT**2        FT        FT        FT        FT
0 0.500   10000.00     538.64   1.4556E+03     483.025     2.6636E+06           320.800      6.750    51.700    20.790     3.125
                                                    DYNAMIC DERIVATIVES (PER RADIAN)
0           -------PITCHING-------    -----ACCELERATION------    --------------ROLLING--------------    --------YAWING--------
0   ALPHA       CLQ          CMQ           CLAD         CMAD         CLP          CYP          CNP          CNR          CLR
0
    -4.00    9.618E+00   -1.900E+01     2.529E+00   -7.528E+00   -4.709E-01   -8.168E-02    1.625E-02   -1.095E-01   -2.734E-03
    -2.00                               2.562E+00   -7.625E+00   -4.717E-01   -9.023E-02    3.883E-04   -1.111E-01    3.166E-02
     0.00                               2.631E+00   -7.833E+00   -4.741E-01   -9.859E-02   -1.538E-02   -1.123E-01    6.604E-02
     2.00                               2.703E+00   -8.047E+00   -4.761E-01   -1.070E-01   -3.138E-02   -1.131E-01    1.006E-01
     4.00                               2.749E+00   -8.182E+00   -4.745E-01   -1.154E-01   -4.758E-02   -1.134E-01    1.350E-01
     6.00                               2.647E+00   -7.880E+00   -4.235E-01   -1.244E-01   -6.568E-02   -1.132E-01    1.690E-01
     8.00                               2.410E+00   -7.173E+00   -3.301E-01   -1.305E-01   -8.328E-02   -1.129E-01    1.949E-01
    10.00                               1.968E+00   -5.858E+00   -2.450E-01   -1.337E-01   -9.889E-02   -1.126E-01    2.137E-01
    12.00                               1.163E+00   -3.463E+00   -7.245E-02   -1.368E-01   -1.159E-01   -1.122E-01    2.258E-01
    14.00                               4.724E-01   -1.406E+00    1.160E-01   -1.337E-01   -1.235E-01   -1.125E-01    2.169E-01
    16.00                               3.134E-01   -9.328E-01    1.261E-01   -1.168E-01   -1.211E-01   -1.130E-01    1.988E-01
    18.00                               3.579E-01   -1.065E+00    3.222E-02   -9.963E-02   -1.220E-01   -1.131E-01    1.884E-01
0*** VEHICLE WEIGHT =   7000.00 LB.
0*** LEVEL FLIGHT LIFT COEFFICIENT = 0.08566
1                            AUTOMATED STABILITY AND CONTROL METHODS PER APRIL 1976 VERSION OF DATCOM
                                         CHARACTERISTICS OF HIGH LIFT AND CONTROL DEVICES
                                            TAIL PLAIN TRAILING-EDGE FLAP CONFIGURATION
                                                       Citation II Model 550
 -----------------------  FLIGHT CONDITIONS  ------------------------           --------------  REFERENCE DIMENSIONS  ------------
  MACH    ALTITUDE   VELOCITY    PRESSURE    TEMPERATURE     REYNOLDS             REF.      REFERENCE LENGTH   MOMENT REF. CENTER
 NUMBER                                                       NUMBER              AREA       LONG.     LAT.     HORIZ      VERT
             FT       FT/SEC     LB/FT**2       DEG R         1/FT               FT**2        FT        FT        FT        FT
0 0.500   10000.00     538.64   1.4556E+03     483.025     2.6636E+06           320.800      6.750    51.700    20.790     3.125
0            ---------INCREMENTS DUE TO DEFLECTION---------              ---DERIVATIVES (PER DEGREE)---
0     DELTA     D(CL)     D(CM)    D(CL MAX)    D(CD MIN)                (CLA)D     (CH)A       (CH)D


      -15.0    -0.154     0.4619     0.078      0.00823                  NDM      -8.871E-03  -1.594E-02
      -10.0    -0.109     0.3270     0.056      0.00447                  NDM                  -1.570E-02
       -5.0    -0.054     0.1635     0.029      0.00219                  NDM                  -1.570E-02
        0.0     0.000    -0.0003     0.000      0.00000                  NDM                  -1.570E-02
        5.0     0.054    -0.1635     0.029      0.00219                  NDM                  -1.570E-02
       10.0     0.109    -0.3270     0.056      0.00447                  NDM                  -1.570E-02
       15.0     0.154    -0.4635     0.078      0.00823                  NDM                  -1.594E-02
0  *** NOTE * HINGE MOMENT DERIVATIVES ARE BASED ON TWICE THE AREA-MOMENT OF THE CONTROL ABOUT ITS HINGE LINE

0            --------- INDUCED DRAG COEFFICIENT INCREMENT , D(CDI) , DUE TO DEFLECTION ---------
0       DELTA = -15.0     -10.0      -5.0       0.0       5.0      10.0      15.0
   ALPHA
0
    -4.0        1.24E-02  7.22E-03  2.71E-03 -3.62E-06 -9.11E-04 -2.41E-05  2.09E-03
    -2.0        1.07E-02  6.05E-03  2.12E-03 -2.45E-06 -3.26E-04  1.15E-03  3.75E-03
     0.0        9.07E-03  4.90E-03  1.55E-03 -1.30E-06  2.47E-04  2.29E-03  5.38E-03
     2.0        7.49E-03  3.78E-03  9.92E-04 -1.82E-07  8.07E-04  3.41E-03  6.96E-03
     4.0        5.94E-03  2.69E-03  4.46E-04  9.11E-07  1.35E-03  4.50E-03  8.51E-03
     6.0        4.40E-03  1.61E-03 -9.66E-05  2.00E-06  1.90E-03  5.59E-03  1.00E-02
     8.0        2.75E-03  4.37E-04 -6.81E-04  3.16E-06  2.48E-03  6.76E-03  1.17E-02
    10.0        9.58E-04 -8.25E-04 -1.31E-03  4.43E-06  3.11E-03  8.02E-03  1.35E-02
    12.0       -1.17E-03 -2.32E-03 -2.06E-03  5.93E-06  3.86E-03  9.52E-03  1.56E-02
    14.0       -3.81E-03 -4.19E-03 -2.99E-03  7.79E-06  4.79E-03  1.14E-02  1.83E-02
    16.0       -6.66E-03 -6.20E-03 -4.00E-03  9.81E-06  5.80E-03  1.34E-02  2.11E-02
    18.0       -9.47E-03 -8.19E-03 -4.99E-03  1.18E-05  6.79E-03  1.54E-02  2.39E-02
0***NDM PRINTED WHEN NO DATCOM METHODS EXIST
 Return to main program from M57O71
1          THE FOLLOWING IS A LIST OF ALL INPUT CARDS FOR THIS CASE.
0
1 END OF JOB.
