 THIS SOFTWARE AND ANY ACCOMPANYING DOCUMENTATION
 IS RELEASED "AS IS".  THE U.S. GOVERNMENT MAKES NO
 WARRANTY OF ANY KIND, EXPRESS OR IMPLIED, CONCERNING
 THIS SOFTWARE AND ANY ACCOMPANYING DOCUMENTATION,
 INCLUDING, WITHOUT LIMITATION, ANY WARRANTIES OF
 MERCHANTABILITY OR FITNESS FOR A PARTICULAR PURPOSE.
 IN NO EVENT WILL THE U.S. GOVERNMENT BE LIABLE FOR ANY
 DAMAGES, INCLUDING LOST PROFITS, LOST SAVINGS OR OTHER
 INCIDENTAL OR CONSEQUENTIAL DAMAGES ARISING OUT OF THE 
 USE, OR INABILITY TO USE, THIS SOFTWARE OR ANY
 ACCOMPANYING DOCUMENTATION, EVEN IF INFORMED IN ADVANCE
 OF THE POSSIBILITY OF SUCH DAMAGES.
  ****************************************************
  *    USAF STABILITY AND CONTROL  DIGITAL DATCOM    *
  *    PROGRAM REV. JAN 96   DIRECT INQUIRIES TO:    *
  *    WRIGHT LABORATORY  (WL/FIGC)  ATTN: W. BLAKE  *
  *      WRIGHT PATTERSON AFB, OHIO  45433           *
  *    PHONE (513) 255-6764,   FAX (513) 258-4054    *
  ****************************************************
 Preparing to start the big loop
 At 1000
1                         CONERR - INPUT ERROR CHECKING
0 ERROR CODES - N* DENOTES THE NUMBER OF OCCURENCES OF EACH ERROR
0 A - UNKNOWN VARIABLE NAME
0 B - MISSING EQUAL SIGN FOLLOWING VARIABLE NAME
0 C - NON-ARRAY VARIABLE HAS AN ARRAY ELEMENT DESIGNATION - (N)
0 D - NON-ARRAY VARIABLE HAS MULTIPLE VALUES ASSIGNED
0 E - ASSIGNED VALUES EXCEED ARRAY DIMENSION
0 F - SYNTAX ERROR

0******************************  INPUT DATA CARDS  ******************************

 TRIM                                                                            
 DAMP                                                                            
 PART                                                                            
 DERIV RAD                                                                       
  $FLTCON LOOP=2.0, TR=1.0,                                                      
     NMACH=1.0,MACH(1)=0.158,                                                    
     NALPHA=9.0,ALSCHD(1)=-2.0,0.0,1.0,                                          
        2.0,4.0,8.0,12.0,16.0,20.0,RNNUB(1)=1.07E6,                              
     PINF(1)=1967.62,NALT=1.0,ALT(1)=2000.0,                                     
     VINF=176.0,TINF(1)=511.57,GAMMA=0.0$                                        
  $OPTINS SREF=184.0,CBARR=5.7,BLREF=33.4$                                       
  $SYNTHS XCG=8.03,ZCG=-0.47,XW=5.80,ZW=-2.12,ALIW=0.0,XH=21.64,                 
     ZV=0.0,XVF=19.76,ZVF=1.25,                                                  
     ZH=0.78,ALIH=0.0,XV=23.21,VERTUP=.TRUE.$                                    
  $BODY NX=18.0,ITYPE=1.0,                                                       
     ZU(1)=1.019,1.372,1.490,1.764,2.038,2.078,2.509,2.979,3.136,3.215,          
        3.136,2.900,2.470,1.686,1.450,1.215,0.862,0.548,                         
     ZL(1)=-1.019,-1.372,-1.490,-1.764,-2.038,-2.117,-2.156,-2.195,              
        -2.195,-2.195,-2.195,-2.156,-2.117,-1.960,-1.568,-1.176,-0.862,          
        -0.392,                                                                  
     X(1)=0.0,0.314,0.666,2.352,4.077,5.449,6.115,6.939,7.644,8.311,             
        9.840,11.055,12.505,14.191,17.327,20.503,23.639,27.755,                  
     S(1)=3.765,6.422,7.433,9.992,12.799,13.815,15.802,17.685,                   
        18.552,18.823,18.384,17.130,14.969,10.887,6.881,3.904,2.163,0.125,       
     P(1)=6.913,8.999,9.668,11.207,12.683,13.176,14.114,15.019,15.399,           
        15.533,15.543,14.765,13.749,11.702,9.299,7.039,5.618,2.292,              
     R(1)=1.176,1.490,1.568,1.803,1.999,2.097,2.156,2.176,2.215,2.215,           
        2.195,2.156,2.078,1.901,1.410,1.039,0.627,0.078$                         
 NACA-W-6-643-618                                                                
 NACA-H-6-631-012                                                                
 NACA-V-6-631-012                                                                
  $WGPLNF CHRDTP=3.73,SSPNE=14.43,SSPN=16.70,CHRDR=7.29,SAVSI=1.0,               
          CHSTAT=0.25,TWISTA=0.0,DHDADI=8.5,DHDADO=0.0,TYPE=1.0$                 
  $VTPLNF CHRDTP=1.88,SSPNE=4.39,SSPN=5.02,CHRDR=4.47,SAVSI=13.5,                
     CHSTAT=.25,TYPE=1.0$                                                        
  $HTPLNF CHRDTP=2.51,SSPNE=6.19,SSPN=6.59,CHRDR=5.02,SAVSI=6.0,                 
     CHSTAT=0.25,TWISTA=0.0,DHDADI=0.0,DHDADO=0.0,TYPE=1.0$                      
  $SYMFLP FTYPE=1.0,                                                             
     NDELTA=9.0,DELTA(1)=-20.,-15.,-10.,-5.,0.,5.,10.,15.,20.,                   
     SPANFI=.400,SPANFO=6.586,CHRDFI=1.882,CHRDFO=.706,NTYPE=1.0,                
     CB=.357,TC=.220,PHETE=.003,PHETEP=.002$                                     
1          THE FOLLOWING IS A LIST OF ALL INPUT CARDS FOR THIS CASE.
0
 TRIM                                                                            
 DAMP                                                                            
 PART                                                                            
 DERIV RAD                                                                       
  $FLTCON LOOP=2.0, TR=1.0,                                                      
     NMACH=1.0,MACH(1)=0.158,                                                    
     NALPHA=9.0,ALSCHD(1)=-2.0,0.0,1.0,                                          
        2.0,4.0,8.0,12.0,16.0,20.0,RNNUB(1)=1.07E6,                              
     PINF(1)=1967.62,NALT=1.0,ALT(1)=2000.0,                                     
     VINF=176.0,TINF(1)=511.57,GAMMA=0.0$                                        
  $OPTINS SREF=184.0,CBARR=5.7,BLREF=33.4$                                       
  $SYNTHS XCG=8.03,ZCG=-0.47,XW=5.80,ZW=-2.12,ALIW=0.0,XH=21.64,                 
     ZV=0.0,XVF=19.76,ZVF=1.25,                                                  
     ZH=0.78,ALIH=0.0,XV=23.21,VERTUP=.TRUE.$                                    
  $BODY NX=18.0,ITYPE=1.0,                                                       
     ZU(1)=1.019,1.372,1.490,1.764,2.038,2.078,2.509,2.979,3.136,3.215,          
        3.136,2.900,2.470,1.686,1.450,1.215,0.862,0.548,                         
     ZL(1)=-1.019,-1.372,-1.490,-1.764,-2.038,-2.117,-2.156,-2.195,              
        -2.195,-2.195,-2.195,-2.156,-2.117,-1.960,-1.568,-1.176,-0.862,          
        -0.392,                                                                  
     X(1)=0.0,0.314,0.666,2.352,4.077,5.449,6.115,6.939,7.644,8.311,             
        9.840,11.055,12.505,14.191,17.327,20.503,23.639,27.755,                  
     S(1)=3.765,6.422,7.433,9.992,12.799,13.815,15.802,17.685,                   
        18.552,18.823,18.384,17.130,14.969,10.887,6.881,3.904,2.163,0.125,       
     P(1)=6.913,8.999,9.668,11.207,12.683,13.176,14.114,15.019,15.399,           
        15.533,15.543,14.765,13.749,11.702,9.299,7.039,5.618,2.292,              
     R(1)=1.176,1.490,1.568,1.803,1.999,2.097,2.156,2.176,2.215,2.215,           
        2.195,2.156,2.078,1.901,1.410,1.039,0.627,0.078$                         
 NACA-W-6-643-618                                                                
 NACA-H-6-631-012                                                                
 NACA-V-6-631-012                                                                
  $WGPLNF CHRDTP=3.73,SSPNE=14.43,SSPN=16.70,CHRDR=7.29,SAVSI=1.0,               
          CHSTAT=0.25,TWISTA=0.0,DHDADI=8.5,DHDADO=0.0,TYPE=1.0$                 
  $VTPLNF CHRDTP=1.88,SSPNE=4.39,SSPN=5.02,CHRDR=4.47,SAVSI=13.5,                
     CHSTAT=.25,TYPE=1.0$                                                        
  $HTPLNF CHRDTP=2.51,SSPNE=6.19,SSPN=6.59,CHRDR=5.02,SAVSI=6.0,                 
     CHSTAT=0.25,TWISTA=0.0,DHDADI=0.0,DHDADO=0.0,TYPE=1.0$                      
  $SYMFLP FTYPE=1.0,                                                             
     NDELTA=9.0,DELTA(1)=-20.,-15.,-10.,-5.,0.,5.,10.,15.,20.,                   
     SPANFI=.400,SPANFO=6.586,CHRDFI=1.882,CHRDFO=.706,NTYPE=1.0,                
     CB=.357,TC=.220,PHETE=.003,PHETEP=.002$                                     
0ERROR ** FLAP INBOARD SPAN, SPANI = 0.40000E+00, IT IS INSIDE THE BODY AS DEFINED BY SSPN AND SSPNE
          SPANI IS REDEFINED, SPANI = SSPN-SSPNE = 0.40000E+00

0 INPUT DIMENSIONS ARE IN FT, SCALE FACTOR IS 1.0000

 Return to main program from M01O01
1                             AUTOMATED STABILITY AND CONTROL METHODS PER APRIL 1976 VERSION OF DATCOM   
                                                        WING SECTION DEFINITION
                                                              NACA 64,3-618
     UPPER ABSCISSA     UPPER ORDINATE     LOWER ABSCISSA     LOWER ORDINATE      X-FRACTION CHORD    MEAN LINE    THICKNESS
         0.00000            0.00000           0.00000           0.00000              0.00000           0.00000       0.00000
        -0.00103            0.00653           0.00303          -0.00578              0.00100           0.00038       0.01296
        -0.00057            0.00937           0.00457          -0.00799              0.00200           0.00069       0.01810
         0.00007            0.01155           0.00593          -0.00960              0.00300           0.00098       0.02196
         0.00080            0.01340           0.00720          -0.01091              0.00400           0.00125       0.02515
         0.00158            0.01503           0.00842          -0.01203              0.00500           0.00150       0.02791
         0.00240            0.01651           0.00960          -0.01301              0.00600           0.00175       0.03038
         0.00325            0.01786           0.01075          -0.01388              0.00700           0.00199       0.03262
         0.00411            0.01912           0.01189          -0.01467              0.00800           0.00222       0.03468
         0.00499            0.02031           0.01301          -0.01540              0.00900           0.00245       0.03660
         0.00589            0.02142           0.01411          -0.01607              0.01000           0.00267       0.03839
         0.01523            0.03037           0.02477          -0.02101              0.02000           0.00468       0.05226
         0.02490            0.03715           0.03510          -0.02429              0.03000           0.00643       0.06228
         0.03472            0.04282           0.04528          -0.02678              0.04000           0.00802       0.07039
         0.04462            0.04778           0.05538          -0.02882              0.05000           0.00948       0.07735
         0.05456            0.05225           0.06544          -0.03057              0.06000           0.01084       0.08353
         0.06454            0.05636           0.07546          -0.03213              0.07000           0.01211       0.08916
         0.07453            0.06018           0.08547          -0.03356              0.08000           0.01331       0.09438
         0.08455            0.06378           0.09545          -0.03489              0.09000           0.01445       0.09927
         0.09458            0.06719           0.10542          -0.03615              0.10000           0.01552       0.10391
         0.10462            0.07045           0.11538          -0.03736              0.11000           0.01654       0.10834
         0.11467            0.07356           0.12533          -0.03852              0.12000           0.01752       0.11259
         0.12473            0.07656           0.13527          -0.03966              0.13000           0.01845       0.11670
         0.13479            0.07945           0.14521          -0.04077              0.14000           0.01934       0.12067
         0.14486            0.08223           0.15514          -0.04187              0.15000           0.02018       0.12452
         0.15494            0.08492           0.16506          -0.04294              0.16000           0.02099       0.12826
         0.16502            0.08753           0.17498          -0.04399              0.17000           0.02177       0.13190
         0.17511            0.09005           0.18489          -0.04503              0.18000           0.02251       0.13543
         0.18520            0.09248           0.19480          -0.04605              0.19000           0.02322       0.13886
         0.19530            0.09484           0.20470          -0.04705              0.20000           0.02389       0.14220
         0.20541            0.09711           0.21459          -0.04803              0.21000           0.02454       0.14542
         0.21552            0.09930           0.22448          -0.04898              0.22000           0.02516       0.14855
         0.22564            0.10140           0.23436          -0.04991              0.23000           0.02575       0.15156
         0.23576            0.10343           0.24424          -0.05080              0.24000           0.02631       0.15447
         0.24588            0.10537           0.25412          -0.05167              0.25000           0.02685       0.15725
         0.25601            0.10722           0.26399          -0.05249              0.26000           0.02736       0.15991
         0.26615            0.10898           0.27385          -0.05328              0.27000           0.02785       0.16244
         0.27629            0.11064           0.28371          -0.05402              0.28000           0.02831       0.16483
         0.28643            0.11221           0.29357          -0.05471              0.29000           0.02875       0.16708
         0.29658            0.11368           0.30342          -0.05535              0.30000           0.02917       0.16917
         0.34738            0.11943           0.35262          -0.05760              0.35000           0.03091       0.17711
         0.39826            0.12212           0.40174          -0.05785              0.40000           0.03213       0.18000
         0.44915            0.12138           0.45085          -0.05567              0.45000           0.03286       0.17706
         0.50000            0.11753           0.50000          -0.05134              0.50000           0.03310       0.16887
         0.55075            0.11102           0.54925          -0.04531              0.55000           0.03286       0.15633
         0.60136            0.10231           0.59864          -0.03804              0.60000           0.03213       0.14038
         0.65180            0.09185           0.64820          -0.03002              0.65000           0.03091       0.12192
         0.70206            0.08007           0.69794          -0.02174              0.70000           0.02917       0.10189
         0.75213            0.06739           0.74787          -0.01369              0.75000           0.02685       0.08119
         0.80201            0.05420           0.79799          -0.00642              0.80000           0.02389       0.06076
         0.82191            0.04887           0.81809          -0.00385              0.82000           0.02251       0.05286
         0.84178            0.04353           0.83822          -0.00154              0.84000           0.02099       0.04521
         0.86164            0.03820           0.85836           0.00047              0.86000           0.01934       0.03787
         0.88146            0.03290           0.87854           0.00214              0.88000           0.01752       0.03089
         0.90127            0.02763           0.89873           0.00342              0.90000           0.01552       0.02434
         0.92106            0.02238           0.91894           0.00424              0.92000           0.01331       0.01827
         0.94083            0.01715           0.93917           0.00452              0.94000           0.01084       0.01274
         0.96059            0.01188           0.95941           0.00415              0.96000           0.00802       0.00782
         0.98032            0.00643           0.97968           0.00294              0.98000           0.00468       0.00355
         1.00000            0.00000           1.00000           0.00000              1.00000           0.00000       0.00000
1                             AUTOMATED STABILITY AND CONTROL METHODS PER APRIL 1976 VERSION OF DATCOM   
                                                        WING SECTION DEFINITION
0                                 IDEAL ANGLE OF ATTACK =   0.00000 DEG.

                              ZERO LIFT ANGLE OF ATTACK =  -4.45121 DEG.

                                 IDEAL LIFT COEFFICIENT =   0.60000

                  ZERO LIFT PITCHING MOMENT COEFFICIENT =  -0.12717

                             MACH ZERO LIFT-CURVE-SLOPE =   0.10099 /DEG.

                                    LEADING EDGE RADIUS =   0.02230 FRACTION CHORD

                              MAXIMUM AIRFOIL THICKNESS =   0.18000 FRACTION CHORD

                                                DELTA-Y =   3.40008 PERCENT CHORD


0                         MACH= 0.1580 LIFT-CURVE-SLOPE =   0.11169 /DEG.      XAC =   0.26444
1                             AUTOMATED STABILITY AND CONTROL METHODS PER APRIL 1976 VERSION OF DATCOM   
                                                   HORIZONTAL TAIL SECTION DEFINITION
                                                              NACA 63,1-012
     UPPER ABSCISSA     UPPER ORDINATE     LOWER ABSCISSA     LOWER ORDINATE      X-FRACTION CHORD    MEAN LINE    THICKNESS
         0.00000            0.00000           0.00000           0.00000              0.00000           0.00000       0.00000
         0.00100            0.00440           0.00100          -0.00440              0.00100           0.00000       0.00880
         0.00200            0.00619           0.00200          -0.00619              0.00200           0.00000       0.01239
         0.00300            0.00756           0.00300          -0.00756              0.00300           0.00000       0.01511
         0.00400            0.00870           0.00400          -0.00870              0.00400           0.00000       0.01739
         0.00500            0.00969           0.00500          -0.00969              0.00500           0.00000       0.01939
         0.00600            0.01059           0.00600          -0.01059              0.00600           0.00000       0.02118
         0.00700            0.01141           0.00700          -0.01141              0.00700           0.00000       0.02283
         0.00800            0.01217           0.00800          -0.01217              0.00800           0.00000       0.02435
         0.00900            0.01289           0.00900          -0.01289              0.00900           0.00000       0.02577
         0.01000            0.01356           0.01000          -0.01356              0.01000           0.00000       0.02711
         0.02000            0.01887           0.02000          -0.01887              0.02000           0.00000       0.03775
         0.03000            0.02284           0.03000          -0.02284              0.03000           0.00000       0.04569
         0.04000            0.02612           0.04000          -0.02612              0.04000           0.00000       0.05224
         0.05000            0.02896           0.05000          -0.02896              0.05000           0.00000       0.05791
         0.06000            0.03148           0.06000          -0.03148              0.06000           0.00000       0.06296
         0.07000            0.03376           0.07000          -0.03376              0.07000           0.00000       0.06752
         0.08000            0.03586           0.08000          -0.03586              0.08000           0.00000       0.07171
         0.09000            0.03779           0.09000          -0.03779              0.09000           0.00000       0.07559
         0.10000            0.03960           0.10000          -0.03960              0.10000           0.00000       0.07920
         0.11000            0.04129           0.11000          -0.04129              0.11000           0.00000       0.08258
         0.12000            0.04287           0.12000          -0.04287              0.12000           0.00000       0.08575
         0.13000            0.04437           0.13000          -0.04437              0.13000           0.00000       0.08874
         0.14000            0.04578           0.14000          -0.04578              0.14000           0.00000       0.09155
         0.15000            0.04710           0.15000          -0.04710              0.15000           0.00000       0.09421
         0.16000            0.04836           0.16000          -0.04836              0.16000           0.00000       0.09672
         0.17000            0.04954           0.17000          -0.04954              0.17000           0.00000       0.09909
         0.18000            0.05066           0.18000          -0.05066              0.18000           0.00000       0.10132
         0.19000            0.05171           0.19000          -0.05171              0.19000           0.00000       0.10342
         0.20000            0.05270           0.20000          -0.05270              0.20000           0.00000       0.10539
         0.21000            0.05362           0.21000          -0.05362              0.21000           0.00000       0.10724
         0.22000            0.05448           0.22000          -0.05448              0.22000           0.00000       0.10896
         0.23000            0.05528           0.23000          -0.05528              0.23000           0.00000       0.11056
         0.24000            0.05602           0.24000          -0.05602              0.24000           0.00000       0.11204
         0.25000            0.05670           0.25000          -0.05670              0.25000           0.00000       0.11339
         0.26000            0.05731           0.26000          -0.05731              0.26000           0.00000       0.11462
         0.27000            0.05787           0.27000          -0.05787              0.27000           0.00000       0.11573
         0.28000            0.05836           0.28000          -0.05836              0.28000           0.00000       0.11672
         0.29000            0.05879           0.29000          -0.05879              0.29000           0.00000       0.11758
         0.30000            0.05915           0.30000          -0.05915              0.30000           0.00000       0.11831
         0.35000            0.06000           0.35000          -0.06000              0.35000           0.00000       0.12000
         0.40000            0.05917           0.40000          -0.05917              0.40000           0.00000       0.11834
         0.45000            0.05684           0.45000          -0.05684              0.45000           0.00000       0.11368
         0.50000            0.05324           0.50000          -0.05324              0.50000           0.00000       0.10648
         0.55000            0.04862           0.55000          -0.04862              0.55000           0.00000       0.09724
         0.60000            0.04321           0.60000          -0.04321              0.60000           0.00000       0.08641
         0.65000            0.03724           0.65000          -0.03724              0.65000           0.00000       0.07448
         0.70000            0.03096           0.70000          -0.03096              0.70000           0.00000       0.06193
         0.75000            0.02461           0.75000          -0.02461              0.75000           0.00000       0.04922
         0.80000            0.01841           0.80000          -0.01841              0.80000           0.00000       0.03683
         0.82000            0.01604           0.82000          -0.01604              0.82000           0.00000       0.03207
         0.84000            0.01374           0.84000          -0.01374              0.84000           0.00000       0.02747
         0.86000            0.01153           0.86000          -0.01153              0.86000           0.00000       0.02306
         0.88000            0.00943           0.88000          -0.00943              0.88000           0.00000       0.01887
         0.90000            0.00746           0.90000          -0.00746              0.90000           0.00000       0.01492
         0.92000            0.00563           0.92000          -0.00563              0.92000           0.00000       0.01126
         0.94000            0.00395           0.94000          -0.00395              0.94000           0.00000       0.00790
         0.96000            0.00244           0.96000          -0.00244              0.96000           0.00000       0.00489
         0.98000            0.00112           0.98000          -0.00112              0.98000           0.00000       0.00224
         1.00000            0.00000           1.00000           0.00000              1.00000           0.00000       0.00000
1                             AUTOMATED STABILITY AND CONTROL METHODS PER APRIL 1976 VERSION OF DATCOM   
                                                   HORIZONTAL TAIL SECTION DEFINITION
0                                 IDEAL ANGLE OF ATTACK =   0.00000 DEG.

                              ZERO LIFT ANGLE OF ATTACK =  -0.00000 DEG.

                                 IDEAL LIFT COEFFICIENT =   0.00000

                  ZERO LIFT PITCHING MOMENT COEFFICIENT =   0.00000

                             MACH ZERO LIFT-CURVE-SLOPE =   0.10244 /DEG.

                                    LEADING EDGE RADIUS =   0.00993 FRACTION CHORD

                              MAXIMUM AIRFOIL THICKNESS =   0.12000 FRACTION CHORD

                                                DELTA-Y =   2.61808 PERCENT CHORD


0                         MACH= 0.1580 LIFT-CURVE-SLOPE =   0.11080 /DEG.      XAC =   0.25826
1                             AUTOMATED STABILITY AND CONTROL METHODS PER APRIL 1976 VERSION OF DATCOM   
                                                    VERTICAL TAIL SECTION DEFINITION
                                                              NACA 63,1-012
     UPPER ABSCISSA     UPPER ORDINATE     LOWER ABSCISSA     LOWER ORDINATE      X-FRACTION CHORD    MEAN LINE    THICKNESS
         0.00000            0.00000           0.00000           0.00000              0.00000           0.00000       0.00000
         0.00100            0.00440           0.00100          -0.00440              0.00100           0.00000       0.00880
         0.00200            0.00619           0.00200          -0.00619              0.00200           0.00000       0.01239
         0.00300            0.00756           0.00300          -0.00756              0.00300           0.00000       0.01511
         0.00400            0.00870           0.00400          -0.00870              0.00400           0.00000       0.01739
         0.00500            0.00969           0.00500          -0.00969              0.00500           0.00000       0.01939
         0.00600            0.01059           0.00600          -0.01059              0.00600           0.00000       0.02118
         0.00700            0.01141           0.00700          -0.01141              0.00700           0.00000       0.02283
         0.00800            0.01217           0.00800          -0.01217              0.00800           0.00000       0.02435
         0.00900            0.01289           0.00900          -0.01289              0.00900           0.00000       0.02577
         0.01000            0.01356           0.01000          -0.01356              0.01000           0.00000       0.02711
         0.02000            0.01887           0.02000          -0.01887              0.02000           0.00000       0.03775
         0.03000            0.02284           0.03000          -0.02284              0.03000           0.00000       0.04569
         0.04000            0.02612           0.04000          -0.02612              0.04000           0.00000       0.05224
         0.05000            0.02896           0.05000          -0.02896              0.05000           0.00000       0.05791
         0.06000            0.03148           0.06000          -0.03148              0.06000           0.00000       0.06296
         0.07000            0.03376           0.07000          -0.03376              0.07000           0.00000       0.06752
         0.08000            0.03586           0.08000          -0.03586              0.08000           0.00000       0.07171
         0.09000            0.03779           0.09000          -0.03779              0.09000           0.00000       0.07559
         0.10000            0.03960           0.10000          -0.03960              0.10000           0.00000       0.07920
         0.11000            0.04129           0.11000          -0.04129              0.11000           0.00000       0.08258
         0.12000            0.04287           0.12000          -0.04287              0.12000           0.00000       0.08575
         0.13000            0.04437           0.13000          -0.04437              0.13000           0.00000       0.08874
         0.14000            0.04578           0.14000          -0.04578              0.14000           0.00000       0.09155
         0.15000            0.04710           0.15000          -0.04710              0.15000           0.00000       0.09421
         0.16000            0.04836           0.16000          -0.04836              0.16000           0.00000       0.09672
         0.17000            0.04954           0.17000          -0.04954              0.17000           0.00000       0.09909
         0.18000            0.05066           0.18000          -0.05066              0.18000           0.00000       0.10132
         0.19000            0.05171           0.19000          -0.05171              0.19000           0.00000       0.10342
         0.20000            0.05270           0.20000          -0.05270              0.20000           0.00000       0.10539
         0.21000            0.05362           0.21000          -0.05362              0.21000           0.00000       0.10724
         0.22000            0.05448           0.22000          -0.05448              0.22000           0.00000       0.10896
         0.23000            0.05528           0.23000          -0.05528              0.23000           0.00000       0.11056
         0.24000            0.05602           0.24000          -0.05602              0.24000           0.00000       0.11204
         0.25000            0.05670           0.25000          -0.05670              0.25000           0.00000       0.11339
         0.26000            0.05731           0.26000          -0.05731              0.26000           0.00000       0.11462
         0.27000            0.05787           0.27000          -0.05787              0.27000           0.00000       0.11573
         0.28000            0.05836           0.28000          -0.05836              0.28000           0.00000       0.11672
         0.29000            0.05879           0.29000          -0.05879              0.29000           0.00000       0.11758
         0.30000            0.05915           0.30000          -0.05915              0.30000           0.00000       0.11831
         0.35000            0.06000           0.35000          -0.06000              0.35000           0.00000       0.12000
         0.40000            0.05917           0.40000          -0.05917              0.40000           0.00000       0.11834
         0.45000            0.05684           0.45000          -0.05684              0.45000           0.00000       0.11368
         0.50000            0.05324           0.50000          -0.05324              0.50000           0.00000       0.10648
         0.55000            0.04862           0.55000          -0.04862              0.55000           0.00000       0.09724
         0.60000            0.04321           0.60000          -0.04321              0.60000           0.00000       0.08641
         0.65000            0.03724           0.65000          -0.03724              0.65000           0.00000       0.07448
         0.70000            0.03096           0.70000          -0.03096              0.70000           0.00000       0.06193
         0.75000            0.02461           0.75000          -0.02461              0.75000           0.00000       0.04922
         0.80000            0.01841           0.80000          -0.01841              0.80000           0.00000       0.03683
         0.82000            0.01604           0.82000          -0.01604              0.82000           0.00000       0.03207
         0.84000            0.01374           0.84000          -0.01374              0.84000           0.00000       0.02747
         0.86000            0.01153           0.86000          -0.01153              0.86000           0.00000       0.02306
         0.88000            0.00943           0.88000          -0.00943              0.88000           0.00000       0.01887
         0.90000            0.00746           0.90000          -0.00746              0.90000           0.00000       0.01492
         0.92000            0.00563           0.92000          -0.00563              0.92000           0.00000       0.01126
         0.94000            0.00395           0.94000          -0.00395              0.94000           0.00000       0.00790
         0.96000            0.00244           0.96000          -0.00244              0.96000           0.00000       0.00489
         0.98000            0.00112           0.98000          -0.00112              0.98000           0.00000       0.00224
         1.00000            0.00000           1.00000           0.00000              1.00000           0.00000       0.00000
1                             AUTOMATED STABILITY AND CONTROL METHODS PER APRIL 1976 VERSION OF DATCOM   
                                                    VERTICAL TAIL SECTION DEFINITION
0                                 IDEAL ANGLE OF ATTACK =   0.00000 DEG.

                              ZERO LIFT ANGLE OF ATTACK =  -0.00000 DEG.

                                 IDEAL LIFT COEFFICIENT =   0.00000

                  ZERO LIFT PITCHING MOMENT COEFFICIENT =   0.00000

                             MACH ZERO LIFT-CURVE-SLOPE =   0.10244 /DEG.

                                    LEADING EDGE RADIUS =   0.00993 FRACTION CHORD

                              MAXIMUM AIRFOIL THICKNESS =   0.12000 FRACTION CHORD

                                                DELTA-Y =   2.61808 PERCENT CHORD


0                         MACH= 0.1580 LIFT-CURVE-SLOPE =   0.11013 /DEG.      XAC =   0.25832
 Return to main program from M50O62
 Return to main program from M02O02
 Return to main program from M51O63
1                               AUTOMATED STABILITY AND CONTROL METHODS PER APRIL 1976 VERSION OF DATCOM
                                         CHARACTERISTICS AT ANGLE OF ATTACK AND IN SIDESLIP
                                        WING-BODY-VERTICAL TAIL-HORIZONTAL TAIL CONFIGURATION
 
 -----------------------  FLIGHT CONDITIONS  ------------------------           --------------  REFERENCE DIMENSIONS  ------------
  MACH    ALTITUDE   VELOCITY    PRESSURE    TEMPERATURE     REYNOLDS             REF.      REFERENCE LENGTH   MOMENT REF. CENTER
 NUMBER                                                       NUMBER              AREA       LONG.     LAT.     HORIZ      VERT
             FT       FT/SEC     LB/FT**2       DEG R         1/FT               FT**2        FT        FT        FT        FT
0 0.158    2000.00     175.17   1.9676E+03     511.570     1.0700E+06           184.000      5.700    33.400     8.030    -0.470
0                                                               -------------------DERIVATIVE (PER RADIAN)-------------------
0 ALPHA     CD       CL       CM       CN       CA       XCP        CLA          CMA          CYB          CNB          CLB
0
   -2.0    0.020    0.142    0.1060   0.141    0.025    0.750    5.598E+00   -6.870E-01   -4.766E-01    5.071E-02   -8.782E-02
    0.0    0.025    0.341    0.0841   0.341    0.025    0.247    5.774E+00   -5.465E-01                             -9.065E-02
    1.0    0.029    0.442    0.0753   0.443    0.021    0.170    5.845E+00   -4.649E-01                             -9.212E-02
    2.0    0.034    0.545    0.0679   0.546    0.015    0.124    5.926E+00   -4.510E-01                             -9.365E-02
    4.0    0.049    0.755    0.0502   0.757   -0.004    0.066    6.069E+00   -5.485E-01                             -9.686E-02
    8.0    0.093    1.185    0.0060   1.186   -0.073    0.005    5.451E+00   -9.228E-01                             -1.036E-01
   12.0    0.144    1.516   -0.0787   1.513   -0.175   -0.052    3.676E+00   -1.503E+00                             -1.073E-01
   16.0    0.186    1.698     NA      1.684   -0.290    NA      -4.481E+00      NA                                  -1.051E-01
   20.0    0.131    0.891     NA      0.882   -0.181    NA      -1.866E+01      NA                                  -7.227E-02
0                                    ALPHA     Q/QINF    EPSLON  D(EPSLON)/D(ALPHA)
0
                                     -2.0      1.000      1.472        0.643
                                      0.0      1.000      2.758        0.662
                                      1.0      1.000      3.429        0.682
                                      2.0      1.000      4.121        0.677
                                      4.0      1.000      5.416        0.628
                                      8.0      1.000      7.775        0.506
                                     12.0      1.000      9.465        0.237
                                     16.0      1.000      9.674       -0.425
                                     20.0      0.956      6.067       -0.902
0*** NA PRINTED WHEN METHOD NOT APPLICABLE
1                               AUTOMATED STABILITY AND CONTROL METHODS PER APRIL 1976 VERSION OF DATCOM
                                                         DYNAMIC DERIVATIVES
                                        WING-BODY-VERTICAL TAIL-HORIZONTAL TAIL CONFIGURATION
 
 -----------------------  FLIGHT CONDITIONS  ------------------------           --------------  REFERENCE DIMENSIONS  ------------
  MACH    ALTITUDE   VELOCITY    PRESSURE    TEMPERATURE     REYNOLDS             REF.      REFERENCE LENGTH   MOMENT REF. CENTER
 NUMBER                                                       NUMBER              AREA       LONG.     LAT.     HORIZ      VERT
             FT       FT/SEC     LB/FT**2       DEG R         1/FT               FT**2        FT        FT        FT        FT
0 0.158    2000.00     175.17   1.9676E+03     511.570     1.0700E+06           184.000      5.700    33.400     8.030    -0.470
                                                    DYNAMIC DERIVATIVES (PER RADIAN)
0           -------PITCHING-------    -----ACCELERATION------    --------------ROLLING--------------    --------YAWING--------
0   ALPHA       CLQ          CMQ           CLAD         CMAD         CLP          CYP          CNP          CNR          CLR
0
    -2.00    7.731E+00   -1.487E+01     3.603E+00   -9.627E+00   -4.392E-01   -2.148E-01   -6.160E-03   -1.107E-01    6.026E-02
     0.00                               3.710E+00   -9.913E+00   -4.557E-01   -2.180E-01   -1.808E-02   -1.136E-01    9.020E-02
     1.00                               3.820E+00   -1.021E+01   -4.636E-01   -2.197E-01   -2.403E-02   -1.154E-01    1.056E-01
     2.00                               3.794E+00   -1.014E+01   -4.705E-01   -2.214E-01   -2.999E-02   -1.173E-01    1.213E-01
     4.00                               3.520E+00   -9.405E+00   -4.777E-01   -2.251E-01   -4.237E-02   -1.219E-01    1.533E-01
     8.00                               2.836E+00   -7.577E+00   -4.067E-01   -2.350E-01   -7.569E-02   -1.334E-01    2.172E-01
    12.00                               1.330E+00   -3.554E+00   -2.179E-01   -2.430E-01   -1.164E-01   -1.429E-01    2.580E-01
    16.00                              -2.380E+00    6.358E+00    5.405E-01   -1.966E-01   -1.829E-01   -1.444E-01    2.632E-01
    20.00                              -4.829E+00    1.290E+01    1.832E+00   -1.468E-01   -2.564E-01   -1.136E-01    7.210E-02
1                             AUTOMATED STABILITY AND CONTROL METHODS PER APRIL 1976 VERSION OF DATCOM
                                             CONFIGURATION AUXILIARY AND PARTIAL OUTPUT
                                        WING-BODY-VERTICAL TAIL-HORIZONTAL TAIL CONFIGURATION
 -----------------------  FLIGHT CONDITIONS  ------------------------           --------------  REFERENCE DIMENSIONS  ------------
  MACH    ALTITUDE   VELOCITY    PRESSURE    TEMPERATURE     REYNOLDS             REF.      REFERENCE LENGTH   MOMENT REF. CENTER
 NUMBER                                                       NUMBER              AREA       LONG.     LAT.     HORIZ      VERT
             FT       FT/SEC     LB/FT**2       DEG R         1/FT               FT**2        FT        FT        FT        FT
0 0.158    2000.00     175.17   1.9676E+03     511.570     1.0700E+06           184.000      5.700    33.400     8.030    -0.470


                                                       BASIC BODY PROPERTIES

            WETTED AREA      XCG     ZCG     BASE AREA     ZERO LIFT DRAG   BASE DRAG   FRICTION DRAG   PRESSURE DRAG
             0.2817E+03     8.03   -0.47       5.6469        0.7344E-02    0.2167E-02    0.5177E-02         NA  


                                         XCG RELATIVE TO THEORETICAL LEADING EDGE MAC=   1.70


                                                       BASIC PLANFORM PROPERTIES

                                    TAPER     ASPECT   QUARTER CHORD             QUARTER CHORD              ZERO LIFT    FRICTION
                         AREA       RATIO      RATIO       SWEEP        MAC        X(MAC)       Y(MAC)        DRAG     COEFFICIENT
0      WING
   TOTAL THEORITICAL
+                     0.1840E+03    0.512    0.6062E+01     1.000    0.570E+01    0.775E+01    0.745E+01                       
       TOTAL EXPOSED
+                     0.1520E+03    0.548    0.5478E+01     1.000    0.542E+01    0.778E+01    0.878E+01    0.761E-02    0.326E-02
0  HORIZONTAL TAIL
   TOTAL THEORITICAL
+                     0.4962E+02    0.500    0.3501E+01     6.000    0.390E+01    0.232E+02    0.293E+01                       
       TOTAL EXPOSED
+                     0.4567E+02    0.516    0.3356E+01     6.000    0.381E+01    0.232E+02    0.317E+01    0.214E-02    0.346E-02
0   VERTICAL TAIL
   TOTAL THEORITICAL
+                     0.1594E+02    0.421    0.1581E+01    13.500    0.335E+01    0.248E+02    0.217E+01                       
       TOTAL EXPOSED
+                     0.1322E+02    0.454    0.1457E+01    13.500    0.315E+01    0.249E+02    0.255E+01    0.637E-03    0.357E-02
0*** NA PRINTED WHEN METHOD NOT APPLICABLE
1                             AUTOMATED STABILITY AND CONTROL METHODS PER APRIL 1976 VERSION OF DATCOM
                                             CONFIGURATION AUXILIARY AND PARTIAL OUTPUT
                                        WING-BODY-VERTICAL TAIL-HORIZONTAL TAIL CONFIGURATION
 -----------------------  FLIGHT CONDITIONS  ------------------------           --------------  REFERENCE DIMENSIONS  ------------
  MACH    ALTITUDE   VELOCITY    PRESSURE    TEMPERATURE     REYNOLDS             REF.      REFERENCE LENGTH   MOMENT REF. CENTER
 NUMBER                                                       NUMBER              AREA       LONG.     LAT.     HORIZ      VERT
             FT       FT/SEC     LB/FT**2       DEG R         1/FT               FT**2        FT        FT        FT        FT
0 0.158    2000.00     175.17   1.9676E+03     511.570     1.0700E+06           184.000      5.700    33.400     8.030    -0.470
0          CLA-B(W)= 1.202E-02     CLA-W(B)= 7.109E-02     K-B(W)= 1.875E-01     K-W(B)= 1.109E+00     XAC/C-B(W)= 3.064E-01
0          CLA-B(H)= 1.281E-03     CLA-H(B)= 1.702E-02     K-B(H)= 7.891E-02     K-H(B)= 1.049E+00     XAC/C-B(H)= 2.247E-01
0                                      SIDEWASH, (1 + D(SIGMA)/D(BETA))QV/Q = 1.0678198E+00



                ALPHA         IV-B(W)          IV-W(H)          IV-B(H)          GAMMA/                  GAMMA/
                                                                              2*PI*ALPHA*V*R         (2*PI*ALPHA*V*R)T
                -2.000       0.0000E+00      -0.9705E+00       0.0000E+00       0.0000E+00               0.0000E+00
                 0.000       0.0000E+00      -0.9886E+00       0.0000E+00       0.0000E+00               0.0000E+00
                 1.000       0.0000E+00      -0.9971E+00       0.0000E+00       0.0000E+00               0.0000E+00
                 2.000       0.0000E+00      -0.1005E+01       0.0000E+00       0.0000E+00               0.0000E+00
                 4.000       0.0000E+00      -0.1019E+01       0.0000E+00       0.0000E+00               0.0000E+00
                 8.000       0.0000E+00      -0.1041E+01       0.0000E+00          NDM                      NDM 
                12.000       0.0000E+00      -0.1052E+01       0.0000E+00          NDM                      NDM 
                16.000       0.0000E+00      -0.1051E+01      -0.5694E-01          NDM                   0.4547E+00
                20.000       0.0000E+00      -0.1035E+01      -0.1585E+00          NDM                   0.5731E+00


                                                  DYNAMIC DERIVATIVE INCREMENTALS
          CLP(GAMMA=CL=0) =-4.2660E-01     CLP(GAMMA)/CLP (GAMMA=0) = 1.0298E+00      CNP/THETA =-5.1937E-05
                              CYP/GAMMA =-1.9469E-01                    CYP/CL (CL=0) =-9.4924E-02

                                             CLB/GAMMA        (CMO/THETA)W     (CMO/THETA)H
                                             -0.2081E-03           NA                NA  
0*** NDM PRINTED WHEN NO DATCOM METHODS EXIST
0*** NA PRINTED WHEN METHOD NOT APPLICABLE
1
1                            AUTOMATED STABILITY AND CONTROL METHODS PER APRIL 1976 VERSION OF DATCOM
                                         CHARACTERISTICS OF HIGH LIFT AND CONTROL DEVICES
                                            TAIL PLAIN TRAILING-EDGE FLAP CONFIGURATION
 -----------------------  FLIGHT CONDITIONS  ------------------------           --------------  REFERENCE DIMENSIONS  ------------
  MACH    ALTITUDE   VELOCITY    PRESSURE    TEMPERATURE     REYNOLDS             REF.      REFERENCE LENGTH   MOMENT REF. CENTER
 NUMBER                                                       NUMBER              AREA       LONG.     LAT.     HORIZ      VERT
             FT       FT/SEC     LB/FT**2       DEG R         1/FT               FT**2        FT        FT        FT        FT
0 0.158    2000.00     175.17   1.9676E+03     511.570     1.0700E+06           184.000      5.700    33.400     8.030    -0.470
0            ---------INCREMENTS DUE TO DEFLECTION---------              ---DERIVATIVES (PER DEGREE)---
0     DELTA     D(CL)     D(CM)    D(CL MAX)    D(CD MIN)                (CLA)D     (CH)A       (CH)D


      -20.0    -0.168     0.3980     0.132      0.01076                  NDM      -3.026E-03  -5.923E-03
      -15.0    -0.156     0.3653     0.106      0.00716                  NDM                  -5.304E-03
      -10.0    -0.108     0.2534     0.076      0.00357                  NDM                  -5.175E-03
       -5.0    -0.054     0.1267     0.039      0.00178                  NDM                  -5.175E-03
        0.0     0.000    -0.0003     0.000      0.00000                  NDM                  -5.175E-03
        5.0     0.054    -0.1267     0.039      0.00178                  NDM                  -5.175E-03
       10.0     0.108    -0.2534     0.076      0.00357                  NDM                  -5.175E-03
       15.0     0.156    -0.3653     0.106      0.00716                  NDM                  -5.304E-03
       20.0     0.168    -0.3984     0.132      0.01076                  NDM                  -5.923E-03
0  *** NOTE * HINGE MOMENT DERIVATIVES ARE BASED ON TWICE THE AREA-MOMENT OF THE CONTROL ABOUT ITS HINGE LINE

0            --------- INDUCED DRAG COEFFICIENT INCREMENT , D(CDI) , DUE TO DEFLECTION ---------
0       DELTA = -20.0     -15.0     -10.0      -5.0       0.0       5.0      10.0      15.0      20.0
   ALPHA
0
    -2.0        6.28E-03  5.29E-03  2.23E-03  3.08E-04  1.01E-06  1.31E-03  4.24E-03  8.18E-03  9.39E-03
     0.0        5.14E-03  4.24E-03  1.50E-03 -5.73E-05  1.74E-06  1.68E-03  4.97E-03  9.24E-03  1.05E-02
     1.0        4.62E-03  3.75E-03  1.17E-03 -2.25E-04  2.07E-06  1.84E-03  5.30E-03  9.72E-03  1.11E-02
     2.0        4.13E-03  3.30E-03  8.52E-04 -3.83E-04  2.39E-06  2.00E-03  5.62E-03  1.02E-02  1.15E-02
     4.0        3.00E-03  2.26E-03  1.31E-04 -7.44E-04  3.11E-06  2.36E-03  6.34E-03  1.12E-02  1.27E-02
     8.0        3.90E-04 -1.68E-04 -1.55E-03 -1.58E-03  4.79E-06  3.20E-03  8.02E-03  1.36E-02  1.53E-02
    12.0       -3.29E-03 -3.58E-03 -3.91E-03 -2.77E-03  7.15E-06  4.38E-03  1.04E-02  1.70E-02  1.90E-02
    16.0       -9.32E-03 -9.17E-03 -7.79E-03 -4.70E-03  1.10E-05  6.32E-03  1.43E-02  2.26E-02  2.50E-02
    20.0       -2.14E-02 -2.04E-02 -1.56E-02 -8.60E-03  1.88E-05  1.02E-02  2.20E-02  3.39E-02  3.71E-02
0***NDM PRINTED WHEN NO DATCOM METHODS EXIST
1                            AUTOMATED STABILITY AND CONTROL METHODS PER APRIL 1976 VERSION OF DATCOM
                                         CHARACTERISTICS OF HIGH LIFT AND CONTROL DEVICES
                                          WING-BODY-TAIL TRIM WITH CONTROL DEVICE ON TAIL
 -----------------------  FLIGHT CONDITIONS  ------------------------           --------------  REFERENCE DIMENSIONS  ------------
  MACH    ALTITUDE   VELOCITY    PRESSURE    TEMPERATURE     REYNOLDS             REF.      REFERENCE LENGTH   MOMENT REF. CENTER
 NUMBER                                                       NUMBER              AREA       LONG.     LAT.     HORIZ      VERT
             FT       FT/SEC     LB/FT**2       DEG R         1/FT               FT**2        FT        FT        FT        FT
0 0.158    2000.00     175.17   1.9676E+03     511.570     1.0700E+06           184.000      5.700    33.400     8.030    -0.470
0         ----------UNTRIMMED----------            -----------------------AT TRIM DEFLECTION-----------------------
0    ALPHA     CL         CD       CM     DELTAT   D(CL)    D(CL MAX)     D(CDI)    D(CD MIN)   CH(A)        CH(D)
0
      -2.0    0.142     0.020    0.1060     4.2    0.045      0.033      1.10E-03   0.00148   -3.026E-03   -5.175E-03
       0.0    0.341     0.025    0.0841     3.3    0.036      0.026      1.11E-03   0.00118                -5.175E-03
       1.0    0.442     0.029    0.0753     3.0    0.032      0.023      1.09E-03   0.00105                -5.175E-03
       2.0    0.545     0.034    0.0679     2.7    0.029      0.021      1.07E-03   0.00095                -5.175E-03
       4.0    0.755     0.049    0.0502     2.0    0.021      0.016      9.35E-04   0.00070                -5.175E-03
       8.0    1.185     0.093    0.0060     0.2    0.003      0.002      1.51E-04   0.00008                -5.175E-03
      12.0    1.516     0.144   -0.0787    -3.1   -0.034      0.024     -1.72E-03   0.00110                -5.175E-03
      16.0    1.698     0.186     NA       -0.0    0.000      0.000      1.62E-06   0.00001                -5.175E-03
      20.0    0.891     0.131     NA       -0.0    0.000      0.000      1.64E-06   0.00001                -5.175E-03
0***NA PRINTED WHEN METHOD NOT APPLICABLE
 Return to main program from M57O71
1 END OF JOB.
